#
# There is insufficient memory for the Java Runtime Environment to continue.
# Native memory allocation (malloc) failed to allocate 1346032 bytes for Chunk::new
# Possible reasons:
#   The system is out of physical RAM or swap space
#   The process is running with CompressedOops enabled, and the Java Heap may be blocking the growth of the native heap
# Possible solutions:
#   Reduce memory load on the system
#   Increase physical memory or swap space
#   Check if swap backing store is full
#   Decrease Java heap size (-Xmx/-Xms)
#   Decrease number of Java threads
#   Decrease Java thread stack sizes (-Xss)
#   Set larger code cache with -XX:ReservedCodeCacheSize=
#   JVM is running with Unscaled Compressed Oops mode in which the Java heap is
#     placed in the first 4GB address space. The Java Heap base address is the
#     maximum limit for the native heap growth. Please use -XX:HeapBaseMinAddress
#     to set the Java Heap base and to place the Java Heap above 4GB virtual address.
# This output file may be truncated or incomplete.
#
#  Out of Memory Error (./open/src/hotspot/share/memory/arena.cpp:195), pid=11416, tid=3192
#
# JRE version: Java(TM) SE Runtime Environment (14.0.1+7) (build 14.0.1+7)
# Java VM: Java HotSpot(TM) 64-Bit Server VM (14.0.1+7, mixed mode, sharing, tiered, compressed oops, g1 gc, windows-amd64)
# No core dump will be written. Minidumps are not enabled by default on client versions of Windows
#

---------------  S U M M A R Y ------------

Command Line: -Dfile.encoding=Cp1252 --module-path=C:\Users\Usuario2020\eclipse-workspace\Simple-Solutions\SimpleSolutions\bin;C:\Users\Usuario2020\.p2\pool\plugins\org.junit_4.13.0.v20200204-1500.jar;C:\Users\Usuario2020\.p2\pool\plugins\org.hamcrest.core_1.3.0.v20180420-1519.jar;C:\ConectorJavaMySQL\mysql-connector-java-5.1.48.jar;C:\ConectorJavaMySQL\mysql-connector-java-5.1.48-bin.jar -Djdk.module.main=SimpleSolutions SimpleSolutions/ssolutions.Main

Host: Intel(R) Core(TM) i3-2350M CPU @ 2.30GHz, 4 cores, 3G,  Windows 10 , 64 bit Build 18362 (10.0.18362.329)
Time: Fri Apr 24 22:28:36 2020 Hora est. Pacífico, Sudamérica elapsed time: 43 seconds (0d 0h 0m 43s)

---------------  T H R E A D  ---------------

Current thread (0x000001fce91c7800):  JavaThread "C2 CompilerThread0" daemon [_thread_in_native, id=3192, stack(0x000000150b900000,0x000000150ba00000)]


Current CompileTask:
C2:  43120 2412   !   4       sun.awt.PostEventQueue::flush (168 bytes)

Stack: [0x000000150b900000,0x000000150ba00000]
Native frames: (J=compiled Java code, j=interpreted, Vv=VM code, C=native code)
V  [jvm.dll+0x5f840a]
V  [jvm.dll+0x741e4a]
V  [jvm.dll+0x7435ff]
V  [jvm.dll+0x743c43]
V  [jvm.dll+0x20d288]
V  [jvm.dll+0xabb07]
V  [jvm.dll+0xac1fc]
V  [jvm.dll+0x31c4c5]
V  [jvm.dll+0x2e6b48]
V  [jvm.dll+0x2e5f4a]
V  [jvm.dll+0x1e5e16]
V  [jvm.dll+0x1e50b8]
V  [jvm.dll+0x1779cc]
V  [jvm.dll+0x1f4105]
V  [jvm.dll+0x1f22eb]
V  [jvm.dll+0x706a9d]
V  [jvm.dll+0x6ff8ba]
V  [jvm.dll+0x5f72c6]
C  [ucrtbase.dll+0x20e72]
C  [KERNEL32.DLL+0x17bd4]
C  [ntdll.dll+0x6ced1]


---------------  P R O C E S S  ---------------

Threads class SMR info:
_java_thread_list=0x000001fcea46a620, length=17, elements={
0x000001fce919c000, 0x000001fce919d800, 0x000001fce91bb800, 0x000001fce91bc800,
0x000001fce91be000, 0x000001fce91c7800, 0x000001fce91cc000, 0x000001fce91df000,
0x000001fce91dc800, 0x000001fce91dd800, 0x000001fce91d9800, 0x000001fce91e0000,
0x000001fce91da800, 0x000001fce91db000, 0x000001fce91dc000, 0x000001fcea42e000,
0x000001fcea42d000
}

Java Threads: ( => current thread )
  0x000001fce919c000 JavaThread "Reference Handler" daemon [_thread_blocked, id=10956, stack(0x000000150b400000,0x000000150b500000)]
  0x000001fce919d800 JavaThread "Finalizer" daemon [_thread_blocked, id=9592, stack(0x000000150b500000,0x000000150b600000)]
  0x000001fce91bb800 JavaThread "Signal Dispatcher" daemon [_thread_blocked, id=11044, stack(0x000000150b600000,0x000000150b700000)]
  0x000001fce91bc800 JavaThread "Attach Listener" daemon [_thread_blocked, id=8900, stack(0x000000150b700000,0x000000150b800000)]
  0x000001fce91be000 JavaThread "Service Thread" daemon [_thread_blocked, id=7920, stack(0x000000150b800000,0x000000150b900000)]
=>0x000001fce91c7800 JavaThread "C2 CompilerThread0" daemon [_thread_in_native, id=3192, stack(0x000000150b900000,0x000000150ba00000)]
  0x000001fce91cc000 JavaThread "C1 CompilerThread0" daemon [_thread_blocked, id=7444, stack(0x000000150ba00000,0x000000150bb00000)]
  0x000001fce91df000 JavaThread "Sweeper thread" daemon [_thread_blocked, id=5624, stack(0x000000150bb00000,0x000000150bc00000)]
  0x000001fce91dc800 JavaThread "Common-Cleaner" daemon [_thread_blocked, id=3964, stack(0x000000150bc00000,0x000000150bd00000)]
  0x000001fce91dd800 JavaThread "Notification Thread" daemon [_thread_blocked, id=5376, stack(0x000000150be00000,0x000000150bf00000)]
  0x000001fce91d9800 JavaThread "Java2D Disposer" daemon [_thread_blocked, id=6652, stack(0x000000150c000000,0x000000150c100000)]
  0x000001fce91e0000 JavaThread "AWT-Shutdown" [_thread_blocked, id=2628, stack(0x000000150c100000,0x000000150c200000)]
  0x000001fce91da800 JavaThread "AWT-Windows" daemon [_thread_in_native, id=9704, stack(0x000000150c200000,0x000000150c300000)]
  0x000001fce91db000 JavaThread "AWT-EventQueue-0" [_thread_blocked, id=7024, stack(0x000000150bd00000,0x000000150be00000)]
  0x000001fce91dc000 JavaThread "mysql-cj-abandoned-connection-cleanup" daemon [_thread_blocked, id=11928, stack(0x000000150c300000,0x000000150c400000)]
  0x000001fcea42e000 JavaThread "DestroyJavaVM" [_thread_blocked, id=10280, stack(0x000000150ad00000,0x000000150ae00000)]
  0x000001fcea42d000 JavaThread "TimerQueue" daemon [_thread_blocked, id=8932, stack(0x000000150ce00000,0x000000150cf00000)]

Other Threads:
  0x000001fce9195800 VMThread "VM Thread" [stack: 0x000000150b300000,0x000000150b400000] [id=2304]
  0x000001fce9eb5000 WatcherThread [stack: 0x000000150bf00000,0x000000150c000000] [id=12280]
  0x000001fccd00b000 GCTaskThread "GC Thread#0" [stack: 0x000000150ae00000,0x000000150af00000] [id=3876]
  0x000001fcea1d7800 GCTaskThread "GC Thread#1" [stack: 0x000000150c400000,0x000000150c500000] [id=11576]
  0x000001fcea353000 GCTaskThread "GC Thread#2" [stack: 0x000000150c500000,0x000000150c600000] [id=9948]
  0x000001fcea137000 GCTaskThread "GC Thread#3" [stack: 0x000000150c600000,0x000000150c700000] [id=7552]
  0x000001fccd019000 ConcurrentGCThread "G1 Main Marker" [stack: 0x000000150af00000,0x000000150b000000] [id=10568]
  0x000001fccd01a000 ConcurrentGCThread "G1 Conc#0" [stack: 0x000000150b000000,0x000000150b100000] [id=4008]
  0x000001fccd06d800 ConcurrentGCThread "G1 Refine#0" [stack: 0x000000150b100000,0x000000150b200000] [id=5860]
  0x000001fcea17e000 ConcurrentGCThread "G1 Refine#1" [stack: 0x000000150c700000,0x000000150c800000] [id=1796]
  0x000001fcea138000 ConcurrentGCThread "G1 Refine#2" [stack: 0x000000150c800000,0x000000150c900000] [id=9740]
  0x000001fce9c4c800 ConcurrentGCThread "G1 Refine#3" [stack: 0x000000150c900000,0x000000150ca00000] [id=11028]
  0x000001fccd072800 ConcurrentGCThread "G1 Young RemSet Sampling" [stack: 0x000000150b200000,0x000000150b300000] [id=11012]

Threads with active compile tasks:
C2 CompilerThread0    49108 2412   !   4       sun.awt.PostEventQueue::flush (168 bytes)

VM state:not at safepoint (normal execution)

VM Mutex/Monitor currently owned by a thread: None

Heap address: 0x00000000c0c00000, size: 1012 MB, Compressed Oops mode: 32-bit
Narrow klass base: 0x0000000800000000, Narrow klass shift: 3
Compressed class space size: 1073741824 Address: 0x0000000800b30000

Heap:
 garbage-first heap   total 65536K, used 20844K [0x00000000c0c00000, 0x0000000100000000)
  region size 1024K, 14 young (14336K), 2 survivors (2048K)
 Metaspace       used 15486K, capacity 15891K, committed 16000K, reserved 1062912K
  class space    used 1751K, capacity 1896K, committed 1920K, reserved 1048576K
Heap Regions: E=young(eden), S=young(survivor), O=old, HS=humongous(starts), HC=humongous(continues), CS=collection set, F=free, OA=open archive, CA=closed archive, TAMS=top-at-mark-start (previous, next)
|   0|0x00000000c0c00000, 0x00000000c0d00000, 0x00000000c0d00000|100%| O|  |TAMS 0x00000000c0c00000, 0x00000000c0c00000| Untracked 
|   1|0x00000000c0d00000, 0x00000000c0e00000, 0x00000000c0e00000|100%| O|  |TAMS 0x00000000c0d00000, 0x00000000c0d00000| Untracked 
|   2|0x00000000c0e00000, 0x00000000c0e5b200, 0x00000000c0f00000| 35%| O|  |TAMS 0x00000000c0e00000, 0x00000000c0e00000| Untracked 
|   3|0x00000000c0f00000, 0x00000000c1000000, 0x00000000c1000000|100%|HS|  |TAMS 0x00000000c0f00000, 0x00000000c0f00000| Complete 
|   4|0x00000000c1000000, 0x00000000c1100000, 0x00000000c1100000|100%|HC|  |TAMS 0x00000000c1000000, 0x00000000c1000000| Complete 
|   5|0x00000000c1100000, 0x00000000c1200000, 0x00000000c1200000|100%|HS|  |TAMS 0x00000000c1100000, 0x00000000c1100000| Complete 
|   6|0x00000000c1200000, 0x00000000c1300000, 0x00000000c1300000|100%|HC|  |TAMS 0x00000000c1200000, 0x00000000c1200000| Complete 
|   7|0x00000000c1300000, 0x00000000c1400000, 0x00000000c1400000|100%|HS|  |TAMS 0x00000000c1300000, 0x00000000c1300000| Complete 
|   8|0x00000000c1400000, 0x00000000c1500000, 0x00000000c1500000|100%|HC|  |TAMS 0x00000000c1400000, 0x00000000c1400000| Complete 
|   9|0x00000000c1500000, 0x00000000c1500000, 0x00000000c1600000|  0%| F|  |TAMS 0x00000000c1500000, 0x00000000c1500000| Untracked 
|  10|0x00000000c1600000, 0x00000000c1600000, 0x00000000c1700000|  0%| F|  |TAMS 0x00000000c1600000, 0x00000000c1600000| Untracked 
|  11|0x00000000c1700000, 0x00000000c1700000, 0x00000000c1800000|  0%| F|  |TAMS 0x00000000c1700000, 0x00000000c1700000| Untracked 
|  12|0x00000000c1800000, 0x00000000c1800000, 0x00000000c1900000|  0%| F|  |TAMS 0x00000000c1800000, 0x00000000c1800000| Untracked 
|  13|0x00000000c1900000, 0x00000000c1900000, 0x00000000c1a00000|  0%| F|  |TAMS 0x00000000c1900000, 0x00000000c1900000| Untracked 
|  14|0x00000000c1a00000, 0x00000000c1a00000, 0x00000000c1b00000|  0%| F|  |TAMS 0x00000000c1a00000, 0x00000000c1a00000| Untracked 
|  15|0x00000000c1b00000, 0x00000000c1b00000, 0x00000000c1c00000|  0%| F|  |TAMS 0x00000000c1b00000, 0x00000000c1b00000| Untracked 
|  16|0x00000000c1c00000, 0x00000000c1c00000, 0x00000000c1d00000|  0%| F|  |TAMS 0x00000000c1c00000, 0x00000000c1c00000| Untracked 
|  17|0x00000000c1d00000, 0x00000000c1d00000, 0x00000000c1e00000|  0%| F|  |TAMS 0x00000000c1d00000, 0x00000000c1d00000| Untracked 
|  18|0x00000000c1e00000, 0x00000000c1e00000, 0x00000000c1f00000|  0%| F|  |TAMS 0x00000000c1e00000, 0x00000000c1e00000| Untracked 
|  19|0x00000000c1f00000, 0x00000000c1f00000, 0x00000000c2000000|  0%| F|  |TAMS 0x00000000c1f00000, 0x00000000c1f00000| Untracked 
|  20|0x00000000c2000000, 0x00000000c2000000, 0x00000000c2100000|  0%| F|  |TAMS 0x00000000c2000000, 0x00000000c2000000| Untracked 
|  21|0x00000000c2100000, 0x00000000c2100000, 0x00000000c2200000|  0%| F|  |TAMS 0x00000000c2100000, 0x00000000c2100000| Untracked 
|  22|0x00000000c2200000, 0x00000000c2200000, 0x00000000c2300000|  0%| F|  |TAMS 0x00000000c2200000, 0x00000000c2200000| Untracked 
|  23|0x00000000c2300000, 0x00000000c2300000, 0x00000000c2400000|  0%| F|  |TAMS 0x00000000c2300000, 0x00000000c2300000| Untracked 
|  24|0x00000000c2400000, 0x00000000c2400000, 0x00000000c2500000|  0%| F|  |TAMS 0x00000000c2400000, 0x00000000c2400000| Untracked 
|  25|0x00000000c2500000, 0x00000000c2500000, 0x00000000c2600000|  0%| F|  |TAMS 0x00000000c2500000, 0x00000000c2500000| Untracked 
|  26|0x00000000c2600000, 0x00000000c2600000, 0x00000000c2700000|  0%| F|  |TAMS 0x00000000c2600000, 0x00000000c2600000| Untracked 
|  27|0x00000000c2700000, 0x00000000c2700000, 0x00000000c2800000|  0%| F|  |TAMS 0x00000000c2700000, 0x00000000c2700000| Untracked 
|  28|0x00000000c2800000, 0x00000000c2800000, 0x00000000c2900000|  0%| F|  |TAMS 0x00000000c2800000, 0x00000000c2800000| Untracked 
|  29|0x00000000c2900000, 0x00000000c2900000, 0x00000000c2a00000|  0%| F|  |TAMS 0x00000000c2900000, 0x00000000c2900000| Untracked 
|  30|0x00000000c2a00000, 0x00000000c2a00000, 0x00000000c2b00000|  0%| F|  |TAMS 0x00000000c2a00000, 0x00000000c2a00000| Untracked 
|  31|0x00000000c2b00000, 0x00000000c2b00000, 0x00000000c2c00000|  0%| F|  |TAMS 0x00000000c2b00000, 0x00000000c2b00000| Untracked 
|  32|0x00000000c2c00000, 0x00000000c2c00000, 0x00000000c2d00000|  0%| F|  |TAMS 0x00000000c2c00000, 0x00000000c2c00000| Untracked 
|  33|0x00000000c2d00000, 0x00000000c2d00000, 0x00000000c2e00000|  0%| F|  |TAMS 0x00000000c2d00000, 0x00000000c2d00000| Untracked 
|  34|0x00000000c2e00000, 0x00000000c2e00000, 0x00000000c2f00000|  0%| F|  |TAMS 0x00000000c2e00000, 0x00000000c2e00000| Untracked 
|  35|0x00000000c2f00000, 0x00000000c2f00000, 0x00000000c3000000|  0%| F|  |TAMS 0x00000000c2f00000, 0x00000000c2f00000| Untracked 
|  36|0x00000000c3000000, 0x00000000c3000000, 0x00000000c3100000|  0%| F|  |TAMS 0x00000000c3000000, 0x00000000c3000000| Untracked 
|  37|0x00000000c3100000, 0x00000000c3100000, 0x00000000c3200000|  0%| F|  |TAMS 0x00000000c3100000, 0x00000000c3100000| Untracked 
|  38|0x00000000c3200000, 0x00000000c3200000, 0x00000000c3300000|  0%| F|  |TAMS 0x00000000c3200000, 0x00000000c3200000| Untracked 
|  39|0x00000000c3300000, 0x00000000c3300000, 0x00000000c3400000|  0%| F|  |TAMS 0x00000000c3300000, 0x00000000c3300000| Untracked 
|  40|0x00000000c3400000, 0x00000000c3400000, 0x00000000c3500000|  0%| F|  |TAMS 0x00000000c3400000, 0x00000000c3400000| Untracked 
|  41|0x00000000c3500000, 0x00000000c3500000, 0x00000000c3600000|  0%| F|  |TAMS 0x00000000c3500000, 0x00000000c3500000| Untracked 
|  42|0x00000000c3600000, 0x00000000c3600000, 0x00000000c3700000|  0%| F|  |TAMS 0x00000000c3600000, 0x00000000c3600000| Untracked 
|  43|0x00000000c3700000, 0x00000000c3700000, 0x00000000c3800000|  0%| F|  |TAMS 0x00000000c3700000, 0x00000000c3700000| Untracked 
|  44|0x00000000c3800000, 0x00000000c3800000, 0x00000000c3900000|  0%| F|  |TAMS 0x00000000c3800000, 0x00000000c3800000| Untracked 
|  45|0x00000000c3900000, 0x00000000c3900000, 0x00000000c3a00000|  0%| F|  |TAMS 0x00000000c3900000, 0x00000000c3900000| Untracked 
|  46|0x00000000c3a00000, 0x00000000c3a00000, 0x00000000c3b00000|  0%| F|  |TAMS 0x00000000c3a00000, 0x00000000c3a00000| Untracked 
|  47|0x00000000c3b00000, 0x00000000c3b00000, 0x00000000c3c00000|  0%| F|  |TAMS 0x00000000c3b00000, 0x00000000c3b00000| Untracked 
|  48|0x00000000c3c00000, 0x00000000c3c00000, 0x00000000c3d00000|  0%| F|  |TAMS 0x00000000c3c00000, 0x00000000c3c00000| Untracked 
|  49|0x00000000c3d00000, 0x00000000c3e00000, 0x00000000c3e00000|100%| S|CS|TAMS 0x00000000c3d00000, 0x00000000c3d00000| Complete 
|  50|0x00000000c3e00000, 0x00000000c3f00000, 0x00000000c3f00000|100%| S|CS|TAMS 0x00000000c3e00000, 0x00000000c3e00000| Complete 
|  51|0x00000000c3f00000, 0x00000000c3f00000, 0x00000000c4000000|  0%| F|  |TAMS 0x00000000c3f00000, 0x00000000c3f00000| Untracked 
|  52|0x00000000c4000000, 0x00000000c4043130, 0x00000000c4100000| 26%| E|  |TAMS 0x00000000c4000000, 0x00000000c4000000| Complete 
|  53|0x00000000c4100000, 0x00000000c4200000, 0x00000000c4200000|100%| E|CS|TAMS 0x00000000c4100000, 0x00000000c4100000| Complete 
|  54|0x00000000c4200000, 0x00000000c4300000, 0x00000000c4300000|100%| E|CS|TAMS 0x00000000c4200000, 0x00000000c4200000| Complete 
|  55|0x00000000c4300000, 0x00000000c4400000, 0x00000000c4400000|100%| E|CS|TAMS 0x00000000c4300000, 0x00000000c4300000| Complete 
|  56|0x00000000c4400000, 0x00000000c4500000, 0x00000000c4500000|100%| E|CS|TAMS 0x00000000c4400000, 0x00000000c4400000| Complete 
|  57|0x00000000c4500000, 0x00000000c4600000, 0x00000000c4600000|100%| E|CS|TAMS 0x00000000c4500000, 0x00000000c4500000| Complete 
|  58|0x00000000c4600000, 0x00000000c4700000, 0x00000000c4700000|100%| E|CS|TAMS 0x00000000c4600000, 0x00000000c4600000| Complete 
|  59|0x00000000c4700000, 0x00000000c4800000, 0x00000000c4800000|100%| E|  |TAMS 0x00000000c4700000, 0x00000000c4700000| Complete 
|  60|0x00000000c4800000, 0x00000000c4900000, 0x00000000c4900000|100%| E|CS|TAMS 0x00000000c4800000, 0x00000000c4800000| Complete 
|  61|0x00000000c4900000, 0x00000000c4a00000, 0x00000000c4a00000|100%| E|CS|TAMS 0x00000000c4900000, 0x00000000c4900000| Complete 
|  62|0x00000000c4a00000, 0x00000000c4b00000, 0x00000000c4b00000|100%| E|CS|TAMS 0x00000000c4a00000, 0x00000000c4a00000| Complete 
|  63|0x00000000c4b00000, 0x00000000c4c00000, 0x00000000c4c00000|100%| E|CS|TAMS 0x00000000c4b00000, 0x00000000c4b00000| Complete 

Card table byte_map: [0x000001fce4980000,0x000001fce4b80000] _byte_map_base: 0x000001fce437a000

Marking Bits (Prev, Next): (CMBitMap*) 0x000001fccd00f9d8, (CMBitMap*) 0x000001fccd00fa18
 Prev Bits: [0x000001fce4d80000, 0x000001fce5d50000)
 Next Bits: [0x000001fce5d50000, 0x000001fce6d20000)

Polling page: 0x000001fccafd0000

Metaspace:

Usage:
  Non-class:     13.67 MB capacity,    13.41 MB ( 98%) used,   221.55 KB (  2%) free+waste,    37.50 KB ( <1%) overhead. 
      Class:      1.85 MB capacity,     1.71 MB ( 92%) used,   124.66 KB (  7%) free+waste,    20.31 KB (  1%) overhead. 
       Both:     15.52 MB capacity,    15.12 MB ( 97%) used,   346.22 KB (  2%) free+waste,    57.81 KB ( <1%) overhead. 

Virtual space:
  Non-class space:       14.00 MB reserved,      13.75 MB ( 98%) committed 
      Class space:        1.00 GB reserved,       1.88 MB ( <1%) committed 
             Both:        1.01 GB reserved,      15.63 MB (  2%) committed 

Chunk freelists:
   Non-Class:  21.00 KB
       Class:  24.00 KB
        Both:  45.00 KB

MaxMetaspaceSize: 17179869184.00 GB
CompressedClassSpaceSize: 1.00 GB

CodeHeap 'non-profiled nmethods': size=120000Kb used=792Kb max_used=792Kb free=119207Kb
 bounds [0x000001fcdd250000, 0x000001fcdd4c0000, 0x000001fce4780000]
CodeHeap 'profiled nmethods': size=120000Kb used=4634Kb max_used=4634Kb free=115365Kb
 bounds [0x000001fcd5d20000, 0x000001fcd61b0000, 0x000001fcdd250000]
CodeHeap 'non-nmethods': size=5760Kb used=1367Kb max_used=1395Kb free=4392Kb
 bounds [0x000001fcd5780000, 0x000001fcd59f0000, 0x000001fcd5d20000]
 total_blobs=3772 nmethods=2421 adapters=590
 compilation: enabled
              stopped_count=0, restarted_count=0
 full_count=0

Compilation events (20 events):
Event: 37.931 Thread 0x000001fce91cc000 nmethod 2400 0x000001fcd6199310 code [0x000001fcd6199520, 0x000001fcd6199cf8]
Event: 37.931 Thread 0x000001fce91cc000 2401       3       java.lang.invoke.VarHandleGuards::guard_LII_Z (70 bytes)
Event: 37.933 Thread 0x000001fce91cc000 nmethod 2401 0x000001fcd6199f10 code [0x000001fcd619a1a0, 0x000001fcd619b1a8]
Event: 37.933 Thread 0x000001fce91cc000 2402       3       java.lang.invoke.VarHandleInts$FieldInstanceReadWrite::compareAndSet (24 bytes)
Event: 37.934 Thread 0x000001fce91cc000 nmethod 2402 0x000001fcd619b710 code [0x000001fcd619b900, 0x000001fcd619bdc8]
Event: 38.276 Thread 0x000001fce91cc000 2405       3       java.util.IdentityHashMap::keySet (25 bytes)
Event: 38.277 Thread 0x000001fce91cc000 nmethod 2405 0x000001fcd619c010 code [0x000001fcd619c1e0, 0x000001fcd619c5d8]
Event: 38.775 Thread 0x000001fce91cc000 2406       3       java.util.IdentityHashMap$KeySet::iterator (12 bytes)
Event: 38.776 Thread 0x000001fce91cc000 nmethod 2406 0x000001fcd619c710 code [0x000001fcd619c8c0, 0x000001fcd619cb48]
Event: 38.776 Thread 0x000001fce91cc000 2407       3       java.util.IdentityHashMap$KeyIterator::<init> (11 bytes)
Event: 38.777 Thread 0x000001fce91cc000 nmethod 2407 0x000001fcd619cc10 code [0x000001fcd619cdc0, 0x000001fcd619cf68]
Event: 39.278 Thread 0x000001fce91cc000 2408       1       sun.awt.windows.WToolkit::needUpdateWindow (2 bytes)
Event: 39.278 Thread 0x000001fce91cc000 nmethod 2408 0x000001fcdd316010 code [0x000001fcdd3161a0, 0x000001fcdd316278]
Event: 39.775 Thread 0x000001fce91cc000 2409       3       java.util.concurrent.locks.LockSupport::setBlocker (12 bytes)
Event: 39.776 Thread 0x000001fce91cc000 nmethod 2409 0x000001fcd619d010 code [0x000001fcd619d1c0, 0x000001fcd619d3b8]
Event: 42.285 Thread 0x000001fce91cc000 2410       3       java.lang.Math::floor (5 bytes)
Event: 42.285 Thread 0x000001fce91cc000 nmethod 2410 0x000001fcd619d490 code [0x000001fcd619d660, 0x000001fcd619d7c8]
Event: 42.285 Thread 0x000001fce91cc000 2411       3       java.lang.StrictMath::floor (12 bytes)
Event: 42.286 Thread 0x000001fce91cc000 nmethod 2411 0x000001fcd619d890 code [0x000001fcd619da60, 0x000001fcd619db88]
Event: 42.503 Thread 0x000001fce91c7800 2412   !   4       sun.awt.PostEventQueue::flush (168 bytes)

GC Heap History (2 events):
Event: 1.619 GC heap before
{Heap before GC invocations=0 (full 0):
 garbage-first heap   total 65536K, used 13312K [0x00000000c0c00000, 0x0000000100000000)
  region size 1024K, 13 young (13312K), 0 survivors (0K)
 Metaspace       used 10961K, capacity 11305K, committed 11520K, reserved 1058816K
  class space    used 1293K, capacity 1432K, committed 1536K, reserved 1048576K
}
Event: 1.632 GC heap after
{Heap after GC invocations=1 (full 0):
 garbage-first heap   total 65536K, used 4460K [0x00000000c0c00000, 0x0000000100000000)
  region size 1024K, 2 young (2048K), 2 survivors (2048K)
 Metaspace       used 10961K, capacity 11305K, committed 11520K, reserved 1058816K
  class space    used 1293K, capacity 1432K, committed 1536K, reserved 1048576K
}

Deoptimization events (20 events):
Event: 4.118 Thread 0x000001fce91db000 Uncommon trap: trap_request=0xffffffc6 fr.pc=0x000001fcdd2d1a74 relative=0x0000000000000134
Event: 4.118 Thread 0x000001fce91db000 Uncommon trap: reason=bimorphic_or_optimized_type_check action=maybe_recompile pc=0x000001fcdd2d1a74 method=javax.swing.RepaintManager.addDirtyRegion0(Ljava/awt/Container;IIII)V @ 16 c2
Event: 4.118 Thread 0x000001fce91db000 DEOPT PACKING pc=0x000001fcdd2d1a74 sp=0x000000150bdfddc0
Event: 4.118 Thread 0x000001fce91db000 DEOPT UNPACKING pc=0x000001fcd57c912f sp=0x000000150bdfdd68 mode 2
Event: 4.385 Thread 0x000001fce91db000 Uncommon trap: trap_request=0xffffffc6 fr.pc=0x000001fcdd2d1a74 relative=0x0000000000000134
Event: 4.385 Thread 0x000001fce91db000 Uncommon trap: reason=bimorphic_or_optimized_type_check action=maybe_recompile pc=0x000001fcdd2d1a74 method=javax.swing.RepaintManager.addDirtyRegion0(Ljava/awt/Container;IIII)V @ 16 c2
Event: 4.385 Thread 0x000001fce91db000 DEOPT PACKING pc=0x000001fcdd2d1a74 sp=0x000000150bdfe000
Event: 4.385 Thread 0x000001fce91db000 DEOPT UNPACKING pc=0x000001fcd57c912f sp=0x000000150bdfdfa8 mode 2
Event: 4.649 Thread 0x000001fce91db000 Uncommon trap: trap_request=0xffffffc6 fr.pc=0x000001fcdd2d1a74 relative=0x0000000000000134
Event: 4.649 Thread 0x000001fce91db000 Uncommon trap: reason=bimorphic_or_optimized_type_check action=maybe_recompile pc=0x000001fcdd2d1a74 method=javax.swing.RepaintManager.addDirtyRegion0(Ljava/awt/Container;IIII)V @ 16 c2
Event: 4.649 Thread 0x000001fce91db000 DEOPT PACKING pc=0x000001fcdd2d1a74 sp=0x000000150bdfe050
Event: 4.649 Thread 0x000001fce91db000 DEOPT UNPACKING pc=0x000001fcd57c912f sp=0x000000150bdfdff8 mode 2
Event: 4.851 Thread 0x000001fce91db000 Uncommon trap: trap_request=0xffffff45 fr.pc=0x000001fcdd2c3de0 relative=0x0000000000000e00
Event: 4.852 Thread 0x000001fce91db000 Uncommon trap: reason=unstable_if action=reinterpret pc=0x000001fcdd2c3de0 method=sun.awt.SunToolkit.isInstanceOf(Ljava/lang/Class;Ljava/lang/String;)Z @ 14 c2
Event: 4.852 Thread 0x000001fce91db000 DEOPT PACKING pc=0x000001fcdd2c3de0 sp=0x000000150bdfe1c0
Event: 4.852 Thread 0x000001fce91db000 DEOPT UNPACKING pc=0x000001fcd57c912f sp=0x000000150bdfe180 mode 2
Event: 37.344 Thread 0x000001fce91db000 Uncommon trap: trap_request=0xffffff45 fr.pc=0x000001fcdd2e4ca4 relative=0x00000000000010c4
Event: 37.344 Thread 0x000001fce91db000 Uncommon trap: reason=unstable_if action=reinterpret pc=0x000001fcdd2e4ca4 method=java.util.concurrent.ConcurrentHashMap.putVal(Ljava/lang/Object;Ljava/lang/Object;Z)Ljava/lang/Object; @ 231 c2
Event: 37.344 Thread 0x000001fce91db000 DEOPT PACKING pc=0x000001fcdd2e4ca4 sp=0x000000150bdfd6b0
Event: 37.344 Thread 0x000001fce91db000 DEOPT UNPACKING pc=0x000001fcd57c912f sp=0x000000150bdfd630 mode 2

Classes unloaded (0 events):
No events

Classes redefined (0 events):
No events

Internal exceptions (20 events):
Event: 0.547 Thread 0x000001fcccfdc000 Exception <a 'java/lang/IncompatibleClassChangeError'{0x00000000c484fe70}: Found class java.lang.Object, but interface was expected> (0x00000000c484fe70) 
thrown [./open/src/hotspot/share/interpreter/linkResolver.cpp, line 832]
Event: 0.548 Thread 0x000001fcccfdc000 Exception <a 'java/lang/NoSuchMethodError'{0x00000000c4852868}: 'void java.lang.invoke.DirectMethodHandle$Holder.invokeStatic(java.lang.Object, java.lang.Object, java.lang.Object, java.lang.Object)'> (0x00000000c4852868) 
thrown [./open/src/hotspot/share/interpreter/linkResolver.cpp, line 766]
Event: 0.650 Thread 0x000001fcccfdc000 Exception <a 'sun/nio/fs/WindowsException'{0x00000000c48fc3e8}> (0x00000000c48fc3e8) 
thrown [./open/src/hotspot/share/prims/jni.cpp, line 599]
Event: 0.678 Thread 0x000001fcccfdc000 Exception <a 'java/lang/ClassNotFoundException'{0x00000000c4784eb0}: sun/awt/resources/spi/awtProvider> (0x00000000c4784eb0) 
thrown [./open/src/hotspot/share/classfile/systemDictionary.cpp, line 226]
Event: 0.727 Thread 0x000001fcccfdc000 Exception <a 'java/io/FileNotFoundException'{0x00000000c47d3100}> (0x00000000c47d3100) 
thrown [./open/src/hotspot/share/prims/jni.cpp, line 599]
Event: 0.742 Thread 0x000001fcccfdc000 Exception <a 'java/io/FileNotFoundException'{0x00000000c47f9418}> (0x00000000c47f9418) 
thrown [./open/src/hotspot/share/prims/jni.cpp, line 599]
Event: 0.846 Thread 0x000001fce91da800 Exception <a 'java/lang/NoSuchMethodError'{0x00000000c468a6e8}: 'void java.lang.invoke.DirectMethodHandle$Holder.invokeSpecial(java.lang.Object, java.lang.Object)'> (0x00000000c468a6e8) 
thrown [./open/src/hotspot/share/interpreter/linkResolver.cpp, line 766]
Event: 0.915 Thread 0x000001fcccfdc000 Exception <a 'java/lang/NoSuchMethodError'{0x00000000c46f5608}: 'java.lang.Object java.lang.invoke.DirectMethodHandle$Holder.invokeStatic(java.lang.Object, int, java.lang.Object, java.lang.Object, java.lang.Object, java.lang.Object)'> (0x00000000c46f5608) 
thrown [./open/src/hotspot/share/interpreter/linkResolver.cpp, line 766]
Event: 0.916 Thread 0x000001fcccfdc000 Exception <a 'java/lang/NoSuchMethodError'{0x00000000c46fbf28}: 'java.lang.Object java.lang.invoke.DirectMethodHandle$Holder.invokeStatic(java.lang.Object, int, java.lang.Object, java.lang.Object, java.lang.Object)'> (0x00000000c46fbf28) 
thrown [./open/src/hotspot/share/interpreter/linkResolver.cpp, line 766]
Event: 0.917 Thread 0x000001fcccfdc000 Exception <a 'java/lang/NoSuchMethodError'{0x00000000c46ff778}: 'java.lang.Object java.lang.invoke.DirectMethodHandle$Holder.invokeSpecial(java.lang.Object, java.lang.Object, int, java.lang.Object, java.lang.Object, java.lang.Object)'> (0x00000000c46ff778) 
thrown [./open/src/hotspot/share/interpreter/linkResolver.cpp, line 766]
Event: 0.925 Thread 0x000001fcccfdc000 Exception <a 'java/lang/NoSuchMethodError'{0x00000000c4515fc0}: 'java.lang.Object java.lang.invoke.DirectMethodHandle$Holder.invokeStatic(java.lang.Object, int, java.lang.Object)'> (0x00000000c4515fc0) 
thrown [./open/src/hotspot/share/interpreter/linkResolver.cpp, line 766]
Event: 0.967 Thread 0x000001fcccfdc000 Exception <a 'java/lang/ClassNotFoundException'{0x00000000c45b9fd8}: com/sun/swing/internal/plaf/metal/resources/spi/metalProvider> (0x00000000c45b9fd8) 
thrown [./open/src/hotspot/share/classfile/systemDictionary.cpp, line 226]
Event: 0.968 Thread 0x000001fcccfdc000 Exception <a 'java/lang/ClassNotFoundException'{0x00000000c45bdde0}: com/sun/swing/internal/plaf/basic/resources/spi/basicProvider> (0x00000000c45bdde0) 
thrown [./open/src/hotspot/share/classfile/systemDictionary.cpp, line 226]
Event: 1.010 Thread 0x000001fcccfdc000 Implicit null exception at 0x000001fcdd28788e to 0x000001fcdd2885a8
Event: 1.017 Thread 0x000001fcccfdc000 Implicit null exception at 0x000001fcdd269eaf to 0x000001fcdd269f2d
Event: 1.353 Thread 0x000001fcccfdc000 Exception <a 'sun/nio/fs/WindowsException'{0x00000000c43bd628}> (0x00000000c43bd628) 
thrown [./open/src/hotspot/share/prims/jni.cpp, line 599]
Event: 1.729 Thread 0x000001fcccfdc000 Exception <a 'java/lang/ClassNotFoundException'{0x00000000c4a761b8}: jdk/net/ExtendedSocketOptions> (0x00000000c4a761b8) 
thrown [./open/src/hotspot/share/classfile/systemDictionary.cpp, line 226]
Event: 2.217 Thread 0x000001fcccfdc000 Exception <a 'java/lang/NoSuchMethodError'{0x00000000c4569e08}: 'void java.lang.invoke.DirectMethodHandle$Holder.invokeStaticInit(java.lang.Object)'> (0x00000000c4569e08) 
thrown [./open/src/hotspot/share/interpreter/linkResolver.cpp, line 766]
Event: 2.229 Thread 0x000001fcccfdc000 Exception <a 'java/lang/NoSuchMethodError'{0x00000000c45b1d78}: 'java.lang.Object java.lang.invoke.Invokers$Holder.linkToTargetMethod(java.lang.Object, int, java.lang.Object)'> (0x00000000c45b1d78) 
thrown [./open/src/hotspot/share/interpreter/linkResolver.cpp, line 766]
Event: 2.236 Thread 0x000001fcccfdc000 Exception <a 'sun/nio/fs/WindowsException'{0x00000000c45b6db8}> (0x00000000c45b6db8) 
thrown [./open/src/hotspot/share/prims/jni.cpp, line 599]

Events (20 events):
Event: 37.390 loading class sun/text/resources/BreakIteratorInfo
Event: 37.402 loading class sun/text/resources/BreakIteratorInfo done
Event: 37.403 loading class sun/text/resources/BreakIteratorResources
Event: 37.403 loading class sun/util/resources/BreakIteratorResourceBundle
Event: 37.404 loading class sun/util/resources/BreakIteratorResourceBundle done
Event: 37.404 loading class sun/text/resources/BreakIteratorResources done
Event: 37.404 loading class sun/util/resources/Bundles$2
Event: 37.404 loading class sun/util/resources/Bundles$2 done
Event: 37.404 loading class java/lang/InternalError
Event: 37.405 loading class java/lang/InternalError done
Event: 37.406 loading class sun/text/RuleBasedBreakIterator
Event: 37.422 loading class sun/text/RuleBasedBreakIterator done
Event: 37.424 loading class sun/text/CompactByteArray
Event: 37.425 loading class sun/text/CompactByteArray done
Event: 37.426 loading class sun/text/SupplementaryCharacterData
Event: 37.427 loading class sun/text/SupplementaryCharacterData done
Event: 37.427 loading class java/text/BreakIterator$BreakIteratorCache
Event: 37.428 loading class java/text/BreakIterator$BreakIteratorCache done
Event: 40.647 Executing VM operation: HandshakeOneThread
Event: 40.647 Executing VM operation: HandshakeOneThread done


Dynamic libraries:
0x00007ff60e440000 - 0x00007ff60e44f000 	C:\Program Files\Java\jdk-14.0.1\bin\javaw.exe
0x00007fffb8bc0000 - 0x00007fffb8db0000 	C:\WINDOWS\SYSTEM32\ntdll.dll
0x00007fffb71e0000 - 0x00007fffb7292000 	C:\WINDOWS\System32\KERNEL32.DLL
0x00007fffb5c80000 - 0x00007fffb5f23000 	C:\WINDOWS\System32\KERNELBASE.dll
0x00007fffb6080000 - 0x00007fffb617a000 	C:\WINDOWS\System32\ucrtbase.dll
0x00007fffb2810000 - 0x00007fffb2828000 	C:\Program Files\Java\jdk-14.0.1\bin\jli.dll
0x00007fffb7b40000 - 0x00007fffb7be3000 	C:\WINDOWS\System32\ADVAPI32.dll
0x00007fffb82a0000 - 0x00007fffb833e000 	C:\WINDOWS\System32\msvcrt.dll
0x00007fffb8520000 - 0x00007fffb85b7000 	C:\WINDOWS\System32\sechost.dll
0x00007fffb83a0000 - 0x00007fffb84c0000 	C:\WINDOWS\System32\RPCRT4.dll
0x00007fffb89e0000 - 0x00007fffb8b74000 	C:\WINDOWS\System32\USER32.dll
0x00007fffb5b50000 - 0x00007fffb5b71000 	C:\WINDOWS\System32\win32u.dll
0x00007fffb7bf0000 - 0x00007fffb7c16000 	C:\WINDOWS\System32\GDI32.dll
0x00007fffb6200000 - 0x00007fffb6394000 	C:\WINDOWS\System32\gdi32full.dll
0x00007fffb5b80000 - 0x00007fffb5c1e000 	C:\WINDOWS\System32\msvcp_win.dll
0x00007fffb2770000 - 0x00007fffb2785000 	C:\Program Files\Java\jdk-14.0.1\bin\VCRUNTIME140.dll
0x00007fffa3740000 - 0x00007fffa39c5000 	C:\WINDOWS\WinSxS\amd64_microsoft.windows.common-controls_6595b64144ccf1df_6.0.18362.720_none_e6beb5c51314836b\COMCTL32.dll
0x00007fffb7f60000 - 0x00007fffb8296000 	C:\WINDOWS\System32\combase.dll
0x00007fffb6b40000 - 0x00007fffb6bc0000 	C:\WINDOWS\System32\bcryptPrimitives.dll
0x00007fffabf10000 - 0x00007fffabf1a000 	C:\WINDOWS\SYSTEM32\VERSION.dll
0x00007fffb8730000 - 0x00007fffb875e000 	C:\WINDOWS\System32\IMM32.DLL
0x00007fffa0c10000 - 0x00007fffa0cab000 	C:\Program Files\Java\jdk-14.0.1\bin\msvcp140.dll
0x00007fff773c0000 - 0x00007fff77ede000 	C:\Program Files\Java\jdk-14.0.1\bin\server\jvm.dll
0x00007fffb7d60000 - 0x00007fffb7d68000 	C:\WINDOWS\System32\PSAPI.DLL
0x00007fffad610000 - 0x00007fffad619000 	C:\WINDOWS\SYSTEM32\WSOCK32.dll
0x00007fffb7e40000 - 0x00007fffb7eaf000 	C:\WINDOWS\System32\WS2_32.dll
0x00007fffb1550000 - 0x00007fffb1574000 	C:\WINDOWS\SYSTEM32\WINMM.dll
0x00007fffb1520000 - 0x00007fffb154d000 	C:\WINDOWS\SYSTEM32\WINMMBASE.dll
0x00007fffb6180000 - 0x00007fffb61ca000 	C:\WINDOWS\System32\cfgmgr32.dll
0x00007fffb5ae0000 - 0x00007fffb5af1000 	C:\WINDOWS\System32\kernel.appcore.dll
0x00007fff97960000 - 0x00007fff9796a000 	C:\Program Files\Java\jdk-14.0.1\bin\jimage.dll
0x00007fffaa6f0000 - 0x00007fffaa8e4000 	C:\WINDOWS\SYSTEM32\DBGHELP.DLL
0x00007fffaa5d0000 - 0x00007fffaa5fa000 	C:\WINDOWS\SYSTEM32\dbgcore.DLL
0x00007fff97230000 - 0x00007fff97255000 	C:\Program Files\Java\jdk-14.0.1\bin\java.dll
0x00007fff97210000 - 0x00007fff97226000 	C:\Program Files\Java\jdk-14.0.1\bin\zip.dll
0x00007fffb72a0000 - 0x00007fffb7985000 	C:\WINDOWS\System32\SHELL32.dll
0x00007fffb7d90000 - 0x00007fffb7e39000 	C:\WINDOWS\System32\shcore.dll
0x00007fffb63a0000 - 0x00007fffb6b20000 	C:\WINDOWS\System32\windows.storage.dll
0x00007fffb5a90000 - 0x00007fffb5ab3000 	C:\WINDOWS\System32\profapi.dll
0x00007fffb5b00000 - 0x00007fffb5b4a000 	C:\WINDOWS\System32\powrprof.dll
0x00007fffb5a80000 - 0x00007fffb5a90000 	C:\WINDOWS\System32\UMPDC.dll
0x00007fffb8340000 - 0x00007fffb8392000 	C:\WINDOWS\System32\shlwapi.dll
0x00007fffb6b20000 - 0x00007fffb6b37000 	C:\WINDOWS\System32\cryptsp.dll
0x00007fff971f0000 - 0x00007fff97209000 	C:\Program Files\Java\jdk-14.0.1\bin\net.dll
0x00007fffae530000 - 0x00007fffae621000 	C:\WINDOWS\SYSTEM32\WINHTTP.dll
0x00007fffb5290000 - 0x00007fffb52f7000 	C:\WINDOWS\system32\mswsock.dll
0x00007fff971d0000 - 0x00007fff971e2000 	C:\Program Files\Java\jdk-14.0.1\bin\nio.dll
0x00007fffa77c0000 - 0x00007fffa7958000 	C:\Program Files\Java\jdk-14.0.1\bin\awt.dll
0x00007fffb7a00000 - 0x00007fffb7ac4000 	C:\WINDOWS\System32\OLEAUT32.dll
0x00007fffb3c30000 - 0x00007fffb3cbf000 	C:\WINDOWS\SYSTEM32\apphelp.dll
0x00007fffb4130000 - 0x00007fffb415d000 	C:\WINDOWS\system32\DWMAPI.DLL
0x00007fffb3de0000 - 0x00007fffb3e79000 	C:\WINDOWS\system32\uxtheme.dll
0x00007fff93f70000 - 0x00007fff940c6000 	C:\WINDOWS\system32\opengl32.dll
0x00007fffa8040000 - 0x00007fffa806c000 	C:\WINDOWS\SYSTEM32\GLU32.dll
0x00007fffb46f0000 - 0x00007fffb4710000 	C:\WINDOWS\SYSTEM32\dxcore.dll
0x00007fffb7c20000 - 0x00007fffb7d56000 	C:\WINDOWS\System32\MSCTF.dll
0x00007fffb85c0000 - 0x00007fffb8717000 	C:\WINDOWS\System32\ole32.dll
0x00007fffa7fb0000 - 0x00007fffa8032000 	C:\Program Files\Java\jdk-14.0.1\bin\freetype.dll
0x00007fff93ec0000 - 0x00007fff93f66000 	C:\Program Files\Java\jdk-14.0.1\bin\fontmanager.dll
0x00007fff976d0000 - 0x00007fff976e0000 	C:\Program Files\Java\jdk-14.0.1\bin\verify.dll
0x00007fffb13a0000 - 0x00007fffb13cd000 	C:\Program Files\Java\jdk-14.0.1\bin\javajpeg.dll
0x00007fffb0d10000 - 0x00007fffb0dae000 	C:\WINDOWS\System32\TextInputFramework.dll
0x00007fffb0180000 - 0x00007fffb04aa000 	C:\WINDOWS\System32\CoreUIComponents.dll
0x00007fffb3a10000 - 0x00007fffb3ae4000 	C:\WINDOWS\System32\CoreMessaging.dll
0x00007fffb4ae0000 - 0x00007fffb4b11000 	C:\WINDOWS\SYSTEM32\ntmarta.dll
0x00007fffb1be0000 - 0x00007fffb1d33000 	C:\WINDOWS\SYSTEM32\wintypes.dll
0x00007fffaa8f0000 - 0x00007fffaab96000 	C:\WINDOWS\System32\iertutil.dll
0x00007fffb7eb0000 - 0x00007fffb7f52000 	C:\WINDOWS\System32\clbcatq.dll
0x00007fffa6fd0000 - 0x00007fffa717f000 	C:\WINDOWS\SYSTEM32\WindowsCodecs.dll
0x00007fff9bd00000 - 0x00007fff9bd3a000 	C:\WINDOWS\system32\dataexchange.dll
0x00007fffb2e00000 - 0x00007fffb305b000 	C:\WINDOWS\system32\d3d11.dll
0x00007fffb34c0000 - 0x00007fffb369b000 	C:\WINDOWS\system32\dcomp.dll
0x00007fffb4780000 - 0x00007fffb486b000 	C:\WINDOWS\system32\dxgi.dll
0x00007fffb3ed0000 - 0x00007fffb412a000 	C:\WINDOWS\system32\twinapi.appcore.dll
0x00007fffb43e0000 - 0x00007fffb4409000 	C:\WINDOWS\system32\RMCLIENT.dll

dbghelp: loaded successfully - version: 4.0.5 - missing functions: none
symbol engine: initialized successfully - sym options: 0x614 - pdb path: .;C:\Program Files\Java\jdk-14.0.1\bin;C:\WINDOWS\SYSTEM32;C:\WINDOWS\WinSxS\amd64_microsoft.windows.common-controls_6595b64144ccf1df_6.0.18362.720_none_e6beb5c51314836b;C:\Program Files\Java\jdk-14.0.1\bin\server

VM Arguments:
jvm_args: -Dfile.encoding=Cp1252 --module-path=C:\Users\Usuario2020\eclipse-workspace\Simple-Solutions\SimpleSolutions\bin;C:\Users\Usuario2020\.p2\pool\plugins\org.junit_4.13.0.v20200204-1500.jar;C:\Users\Usuario2020\.p2\pool\plugins\org.hamcrest.core_1.3.0.v20180420-1519.jar;C:\ConectorJavaMySQL\mysql-connector-java-5.1.48.jar;C:\ConectorJavaMySQL\mysql-connector-java-5.1.48-bin.jar -Djdk.module.main=SimpleSolutions 
java_command: SimpleSolutions/ssolutions.Main
java_class_path (initial): C:\Users\Usuario2020\eclipse-workspace\Simple-Solutions\SimpleSolutions\hamcrest-core-1.3.jar;C:\Users\Usuario2020\eclipse-workspace\Simple-Solutions\SimpleSolutions\jcommon-1.0.23.jar;C:\Users\Usuario2020\eclipse-workspace\Simple-Solutions\SimpleSolutions\jfreechart-1.0.19.jar;C:\Users\Usuario2020\eclipse-workspace\Simple-Solutions\SimpleSolutions\junit-4.13.jar;C:\Users\Usuario2020\eclipse-workspace\Simple-Solutions\SimpleSolutions\JUnit\hamcrest-core-1.3-javadoc.jar;C:\Users\Usuario2020\eclipse-workspace\Simple-Solutions\SimpleSolutions\JUnit\hamcrest-core-1.3-sources.jar;C:\Users\Usuario2020\eclipse-workspace\Simple-Solutions\SimpleSolutions\JUnit\hamcrest-core-1.3.jar;C:\Users\Usuario2020\eclipse-workspace\Simple-Solutions\SimpleSolutions\JUnit\junit-4.13-javadoc.jar;C:\Users\Usuario2020\eclipse-workspace\Simple-Solutions\SimpleSolutions\JUnit\junit-4.13-sources.jar;C:\Users\Usuario2020\eclipse-workspace\Simple-Solutions\SimpleSolutions\JUnit\junit-4.13.jar
Launcher Type: SUN_STANDARD

[Global flags]
     intx CICompilerCount                          = 3                                         {product} {ergonomic}
     uint ConcGCThreads                            = 1                                         {product} {ergonomic}
     uint G1ConcRefinementThreads                  = 4                                         {product} {ergonomic}
   size_t G1HeapRegionSize                         = 1048576                                   {product} {ergonomic}
    uintx GCDrainStackTargetSize                   = 64                                        {product} {ergonomic}
   size_t InitialHeapSize                          = 67108864                                  {product} {ergonomic}
   size_t MarkStackSize                            = 4194304                                   {product} {ergonomic}
   size_t MaxHeapSize                              = 1061158912                                {product} {ergonomic}
   size_t MaxNewSize                               = 636485632                                 {product} {ergonomic}
   size_t MinHeapDeltaBytes                        = 1048576                                   {product} {ergonomic}
   size_t MinHeapSize                              = 8388608                                   {product} {ergonomic}
    uintx NonNMethodCodeHeapSize                   = 5832780                                {pd product} {ergonomic}
    uintx NonProfiledCodeHeapSize                  = 122912730                              {pd product} {ergonomic}
    uintx ProfiledCodeHeapSize                     = 122912730                              {pd product} {ergonomic}
    uintx ReservedCodeCacheSize                    = 251658240                              {pd product} {ergonomic}
     bool SegmentedCodeCache                       = true                                      {product} {ergonomic}
   size_t SoftMaxHeapSize                          = 1061158912                             {manageable} {ergonomic}
     bool UseCompressedClassPointers               = true                                 {lp64_product} {ergonomic}
     bool UseCompressedOops                        = true                                 {lp64_product} {ergonomic}
     bool UseG1GC                                  = true                                      {product} {ergonomic}
     bool UseLargePagesIndividualAllocation        = false                                  {pd product} {ergonomic}

Logging:
Log output configuration:
 #0: stdout all=warning uptime,level,tags
 #1: stderr all=off uptime,level,tags

Environment Variables:
PATH=C:/Program Files/Java/jdk-14.0.1/bin/server;C:/Program Files/Java/jdk-14.0.1/bin;C:\Program Files (x86)\Common Files\Oracle\Java\javapath;C:\WINDOWS\system32;C:\WINDOWS;C:\WINDOWS\System32\Wbem;C:\WINDOWS\System32\WindowsPowerShell\v1.0\;C:\WINDOWS\System32\OpenSSH\;C:\Users\Usuario2020\AppData\Local\Microsoft\WindowsApps;;C:\Users\Usuario2020\Desktop;
USERNAME=Usuario2020
OS=Windows_NT
PROCESSOR_IDENTIFIER=Intel64 Family 6 Model 42 Stepping 7, GenuineIntel



---------------  S Y S T E M  ---------------

OS: Windows 10 , 64 bit Build 18362 (10.0.18362.329)
OS uptime: 1 days 1:20 hours

CPU:total 4 (initial active 4) (2 cores per cpu, 2 threads per core) family 6 model 42 stepping 7, cmov, cx8, fxsr, mmx, sse, sse2, sse3, ssse3, sse4.1, sse4.2, popcnt, avx, clmul, ht, tsc, tscinvbit

Memory: 4k page, system-wide physical 4043M (385M free)
TotalPageFile size 5643M (AvailPageFile size 47M)
current process WorkingSet (physical memory assigned to process): 96M, peak: 96M
current process commit charge ("private bytes"): 170M, peak: 171M

vm_info: Java HotSpot(TM) 64-Bit Server VM (14.0.1+7) for windows-amd64 JRE (14.0.1+7), built on Mar  5 2020 10:30:14 by "mach5one" with MS VC++ 15.9 (VS2017)

END.
